0 info it worked if it ends with ok
1 verbose cli [
1 verbose cli   'D:\\Program Files\\nodejs\\node.exe',
1 verbose cli   'C:\\Users\\Administrator\\AppData\\Roaming\\npm\\node_modules\\npm\\bin\\npm-cli.js',
1 verbose cli   'run',
1 verbose cli   'dev'
1 verbose cli ]
2 info using npm@4.1.2
3 info using node@v12.10.0
4 verbose run-script [ 'predev', 'dev', 'postdev' ]
5 info lifecycle lvzhihui@0.0.2~predev: lvzhihui@0.0.2
6 silly lifecycle lvzhihui@0.0.2~predev: no script for predev, continuing
7 info lifecycle lvzhihui@0.0.2~dev: lvzhihui@0.0.2
8 verbose lifecycle lvzhihui@0.0.2~dev: unsafe-perm in lifecycle true
9 verbose lifecycle lvzhihui@0.0.2~dev: PATH: C:\Users\Administrator\AppData\Roaming\npm\node_modules\npm\bin\node-gyp-bin;c:\Users\Administrator\Desktop\Saury\node_modules\.bin;C:\ProgramData\Oracle\Java\javapath;C:\Windows\system32;C:\Windows;C:\Windows\System32\Wbem;C:\Windows\System32\WindowsPowerShell\v1.0\;C:\Program Files (x86)\Windows7Master;D:\Wo\Git\cmd;D:\sdk\tools;D:\sdk\platform-tools;D:\Wo\Microsoft VS Code\bin;C:\Program Files\Git\cmd;D:\Program Files\nodejs\;D:\Program Files\python\Scripts\;D:\Program Files\python\;C:\ProgramData\Oracle\Java\javapath;C:\Windows\system32;C:\Windows;C:\Windows\System32\Wbem;C:\Windows\System32\WindowsPowerShell\v1.0\;C:\Program Files (x86)\Windows7Master;D:\Program Files\nodejs\;D:\Program Files\Java\jdk1.8.0_92\bin;D:\Program Files\Java\jdk1.8.0_92\bin;D:\Program Files\Java\jdk1.8.0_92\jre\bin;D:\Wo\Microsoft VS Code\bin;C:\Users\Administrator\AppData\Roaming\npm
10 verbose lifecycle lvzhihui@0.0.2~dev: CWD: c:\Users\Administrator\Desktop\Saury
11 silly lifecycle lvzhihui@0.0.2~dev: Args: [ '/d /s /c', 'wepy build --watch' ]
12 verbose stack Error: kill ENOSYS
12 verbose stack     at process.kill (internal/process/per_thread.js:189:13)
12 verbose stack     at process.listener (C:\Users\Administrator\AppData\Roaming\npm\node_modules\npm\node_modules\npmlog\node_modules\gauge\node_modules\signal-exit\index.js:95:15)
12 verbose stack     at process.emit (events.js:209:13)
13 verbose cwd c:\Users\Administrator\Desktop\Saury
14 error Windows_NT 6.1.7601
15 error argv "D:\\Program Files\\nodejs\\node.exe" "C:\\Users\\Administrator\\AppData\\Roaming\\npm\\node_modules\\npm\\bin\\npm-cli.js" "run" "dev"
16 error node v12.10.0
17 error npm  v4.1.2
18 error code ENOSYS
19 error errno ENOSYS
20 error syscall kill
21 error kill ENOSYS
22 error If you need help, you may report this error at:
22 error     <https://github.com/npm/npm/issues>
23 verbose exit [ 1, true ]
